[mainfo]
splitdir=0
useroptions=805306375
stackedunder=
parent=
mdistate=0
nx=0
ny=0
ncx=0
ncy=0
x=457
y=116
cx=469
cy=448
rcx=0
rcy=0
wsize=0
active=1
visible=1
[guitarsfo]
splitdir=0
useroptions=8299
parent=mainfo.basedock
visible=1
mdistate=0
nx=0
ny=0
ncx=0
ncy=0
x=0
y=359
cx=459
cy=73
rcx=0
rcy=0
[songplayerfo]
splitdir=0
useroptions=41067
parent=mainfo.basedock
visible=1
mdistate=0
nx=0
ny=0
ncx=0
ncy=0
x=0
y=241
cx=459
cy=115
rcx=0
rcy=0
[drumsfo]
splitdir=0
useroptions=107
parent=mainfo.basedock
visible=1
mdistate=0
nx=0
ny=0
ncx=0
ncy=0
x=0
y=0
cx=459
cy=238
rcx=0
rcy=0
